NLCUSTRECORD151 Coefficient A
NLCUSTRECORD152 Coefficient B
NLCUSTRECORD153 Coefficient C
NLCUSTRECORD154 Coefficient D
NLCUSTRECORD155 Coefficient E
NLCUSTRECORD156 Coefficient F
NLCUSTRECORD157 Coefficient G
NLCUSTRECORD158 Coefficient H
NLCUSTRECORD159 Coefficient I
NLCUSTRECORD160 Coefficient J
NLCUSTRECORD161 Coefficient K
NLCUSTRECORD165 Coefficient L
NLCUSTRECORD175 Customer
NLCUSTRECORD177 Installed On
NLCUSTRECORD188 Coefficient M
NLCUSTRECORD210 Product (no Path)
NLCUSTRECORD61 Calibration Date
NLCUSTRECORD64 Calibration Type
NLCUSTRECORD67 Calibration Range
NLCUSTRECORD68 RMS Error
NLCUSTRECORD713 Coefficient N
NLCUSTRECORD_ASSET Asset
NLCUSTRECORD_NAMECOPY Name (Copy)
